d:\c ++\game1\game1\x64\debug\vc143.pdb
d:\c ++\game1\game1\x64\debug\vc143.idb
d:\c ++\game1\game1\x64\debug\filename.obj
d:\c ++\game1\game1\x64\debug\game1.ilk
d:\c ++\game1\x64\debug\game1.pdb
d:\c ++\game1\game1\x64\debug\game1.tlog\cl.command.1.tlog
d:\c ++\game1\game1\x64\debug\game1.tlog\cl.items.tlog
d:\c ++\game1\game1\x64\debug\game1.tlog\cl.read.1.tlog
d:\c ++\game1\game1\x64\debug\game1.tlog\cl.write.1.tlog
d:\c ++\game1\game1\x64\debug\game1.tlog\link-cvtres.read.1.tlog
d:\c ++\game1\game1\x64\debug\game1.tlog\link-cvtres.write.1.tlog
d:\c ++\game1\game1\x64\debug\game1.tlog\link-rc.read.1.tlog
d:\c ++\game1\game1\x64\debug\game1.tlog\link-rc.write.1.tlog
d:\c ++\game1\game1\x64\debug\game1.tlog\link.18956-cvtres.read.1.tlog
d:\c ++\game1\game1\x64\debug\game1.tlog\link.18956-cvtres.write.1.tlog
d:\c ++\game1\game1\x64\debug\game1.tlog\link.18956-rc.read.1.tlog
d:\c ++\game1\game1\x64\debug\game1.tlog\link.18956-rc.write.1.tlog
d:\c ++\game1\game1\x64\debug\game1.tlog\link.18956.read.1.tlog
d:\c ++\game1\game1\x64\debug\game1.tlog\link.18956.read.2.tlog
d:\c ++\game1\game1\x64\debug\game1.tlog\link.18956.read.3.tlog
d:\c ++\game1\game1\x64\debug\game1.tlog\link.18956.read.4.tlog
d:\c ++\game1\game1\x64\debug\game1.tlog\link.18956.read.5.tlog
d:\c ++\game1\game1\x64\debug\game1.tlog\link.18956.read.6.tlog
d:\c ++\game1\game1\x64\debug\game1.tlog\link.18956.write.1.tlog
d:\c ++\game1\game1\x64\debug\game1.tlog\link.command.1.tlog
d:\c ++\game1\game1\x64\debug\game1.tlog\link.read.1.tlog
d:\c ++\game1\game1\x64\debug\game1.tlog\link.read.2.tlog
d:\c ++\game1\game1\x64\debug\game1.tlog\link.read.3.tlog
d:\c ++\game1\game1\x64\debug\game1.tlog\link.read.4.tlog
d:\c ++\game1\game1\x64\debug\game1.tlog\link.read.5.tlog
d:\c ++\game1\game1\x64\debug\game1.tlog\link.read.6.tlog
d:\c ++\game1\game1\x64\debug\game1.tlog\link.secondary.1.tlog
d:\c ++\game1\game1\x64\debug\game1.tlog\link.write.1.tlog
